Using pre-set license
Built from '2020.3/staging' branch; Version is '2020.3.19f1 (68f137dc9bbe) revision 6877495'; Using compiler version '192528614'; Build Type 'Release'
OS: 'Windows 10 Pro; OS build 19043.1288; Version 2009; 64bit' Language: 'es' Physical Memory: 32671 MB
BatchMode: 1, IsHumanControllingUs: 0, StartBugReporterOnCrash: 0, Is64bit: 1, IsPro: 0

COMMAND LINE ARGUMENTS:
D:\Program Files\2020.3.19f1\Editor\Unity.exe
-adb2
-batchMode
-noUpm
-name
AssetImportWorker0
-projectPath
C:/Users/Admin/Desktop/Proyectos Unity/Desafio 3
-logFile
Logs/AssetImportWorker0.log
-srvPort
62589
Successfully changed project path to: C:/Users/Admin/Desktop/Proyectos Unity/Desafio 3
C:/Users/Admin/Desktop/Proyectos Unity/Desafio 3
Using Asset Import Pipeline V2.
Refreshing native plugins compatible for Editor in 37.66 ms, found 2 plugins.
Preloading 0 native plugins for Editor in 0.00 ms.
Initialize engine version: 2020.3.19f1 (68f137dc9bbe)
[Subsystems] Discovering subsystems at path D:/Program Files/2020.3.19f1/Editor/Data/Resources/UnitySubsystems
[Subsystems] Discovering subsystems at path C:/Users/Admin/Desktop/Proyectos Unity/Desafio 3/Assets
GfxDevice: creating device client; threaded=0
Direct3D:
    Version:  Direct3D 11.0 [level 11.1]
    Renderer: NVIDIA GeForce RTX 3060 Ti (ID=0x2486)
    Vendor:   
    VRAM:     8050 MB
    Driver:   30.0.14.7111
Initialize mono
Mono path[0] = 'D:/Program Files/2020.3.19f1/Editor/Data/Managed'
Mono path[1] = 'D:/Program Files/2020.3.19f1/Editor/Data/MonoBleedingEdge/lib/mono/unityjit'
Mono config path = 'D:/Program Files/2020.3.19f1/Editor/Data/MonoBleedingEdge/etc'
Using monoOptions --debugger-agent=transport=dt_socket,embedding=1,server=y,suspend=n,address=127.0.0.1:56656
Begin MonoManager ReloadAssembly
Registering precompiled unity dll's ...
Register platform support module: D:/Program Files/2020.3.19f1/Editor/Data/PlaybackEngines/WebGLSupport/UnityEditor.WebGL.Extensions.dll
Register platform support module: D:/Program Files/2020.3.19f1/Editor/Data/PlaybackEngines/WindowsStandaloneSupport/UnityEditor.WindowsStandalone.Extensions.dll
Register platform support module: D:/Program Files/2020.3.19f1/Editor/Data/PlaybackEngines/LuminSupport/UnityEditor.Lumin.Extensions.dll
Registered in 0.001862 seconds.
Native extension for Lumin target not found
Native extension for WindowsStandalone target not found
Native extension for WebGL target not found
Refreshing native plugins compatible for Editor in 35.18 ms, found 2 plugins.
Preloading 0 native plugins for Editor in 0.00 ms.
Mono: successfully reloaded assembly
- Completed reload, in  1.635 seconds
Domain Reload Profiling:
	ReloadAssembly (1636ms)
		BeginReloadAssembly (84ms)
			ExecutionOrderSort (0ms)
			DisableScriptedObjects (0ms)
			BackupInstance (0ms)
			ReleaseScriptingObjects (0ms)
			CreateAndSetChildDomain (1ms)
		EndReloadAssembly (492ms)
			LoadAssemblies (84ms)
			RebuildTransferFunctionScriptingTraits (0ms)
			SetupTypeCache (185ms)
			ReleaseScriptCaches (0ms)
			RebuildScriptCaches (35ms)
			SetupLoadedEditorAssemblies (186ms)
				LogAssemblyErrors (0ms)
				InitializePlatformSupportModulesInManaged (6ms)
				SetLoadedEditorAssemblies (0ms)
				RefreshPlugins (35ms)
				BeforeProcessingInitializeOnLoad (19ms)
				ProcessInitializeOnLoadAttributes (93ms)
				ProcessInitializeOnLoadMethodAttributes (32ms)
				AfterProcessingInitializeOnLoad (0ms)
				EditorAssembliesLoaded (0ms)
			ExecutionOrderSort2 (0ms)
			AwakeInstancesAfterBackupRestoration (0ms)
Platform modules already initialized, skipping
Registering precompiled user dll's ...
Registered in 0.005995 seconds.
Begin MonoManager ReloadAssembly
Native extension for Lumin target not found
Native extension for WindowsStandalone target not found
Native extension for WebGL target not found
Refreshing native plugins compatible for Editor in 0.32 ms, found 2 plugins.
Preloading 0 native plugins for Editor in 0.00 ms.
Mono: successfully reloaded assembly
- Completed reload, in  1.204 seconds
Domain Reload Profiling:
	ReloadAssembly (1205ms)
		BeginReloadAssembly (190ms)
			ExecutionOrderSort (0ms)
			DisableScriptedObjects (6ms)
			BackupInstance (0ms)
			ReleaseScriptingObjects (0ms)
			CreateAndSetChildDomain (19ms)
		EndReloadAssembly (947ms)
			LoadAssemblies (126ms)
			RebuildTransferFunctionScriptingTraits (0ms)
			SetupTypeCache (322ms)
			ReleaseScriptCaches (0ms)
			RebuildScriptCaches (49ms)
			SetupLoadedEditorAssemblies (356ms)
				LogAssemblyErrors (0ms)
				InitializePlatformSupportModulesInManaged (7ms)
				SetLoadedEditorAssemblies (1ms)
				RefreshPlugins (0ms)
				BeforeProcessingInitializeOnLoad (92ms)
				ProcessInitializeOnLoadAttributes (248ms)
				ProcessInitializeOnLoadMethodAttributes (4ms)
				AfterProcessingInitializeOnLoad (4ms)
				EditorAssembliesLoaded (0ms)
			ExecutionOrderSort2 (0ms)
			AwakeInstancesAfterBackupRestoration (8ms)
Platform modules already initialized, skipping
========================================================================
Worker process is ready to serve import requests
Launched and connected shader compiler UnityShaderCompiler.exe after 0.07 seconds
Refreshing native plugins compatible for Editor in 0.30 ms, found 2 plugins.
Preloading 0 native plugins for Editor in 0.00 ms.
Unloading 1404 Unused Serialized files (Serialized files now loaded: 0)
System memory in use before: 65.6 MB.
System memory in use after: 65.6 MB.

Unloading 16 unused Assets to reduce memory usage. Loaded Objects now: 1843.
Total: 2.857900 ms (FindLiveObjects: 0.140800 ms CreateObjectMapping: 0.048400 ms MarkObjects: 2.605000 ms  DeleteObjects: 0.062500 ms)

AssetImportParameters requested are different than current active one (requested -> active):
  custom:framework-win-MediaFoundation: 216162199b28c13a410421893ffa2e32 -> 
  custom:video-decoder-ogg-theora: a1e56fd34408186e4bbccfd4996cb3dc -> 
  custom:container-muxer-webm: aa71ff27fc2769a1b78a27578f13a17b -> 
  custom:container-demuxer-webm: 4f35f7cbe854078d1ac9338744f61a02 -> 
  custom:container-demuxer-ogg: 62fdf1f143b41e24485cea50d1cbac27 -> 
  custom:video-encoder-webm-vp8: eb34c28f22e8b96e1ab97ce403110664 -> 
  custom:video-decoder-webm-vp8: 9c59270c3fd7afecdb556c50c9e8de78 -> 
  custom:audio-decoder-ogg-vorbis: bf7c407c2cedff20999df2af8eb42d56 -> 
  custom:audio-encoder-webm-vorbis: bf7c407c2cedff20999df2af8eb42d56 -> 
========================================================================
Received Import Request.
  path: Assets/Prefabs/ISO.3dsbak
  artifactKey: Guid(399d640ccd824c9449cfe24e7fa2beae) Importer(815301076,1909f56bfc062723c751e8b465ee728b)
Start importing Assets/Prefabs/ISO.3dsbak using Guid(399d640ccd824c9449cfe24e7fa2beae) Importer(815301076,1909f56bfc062723c751e8b465ee728b)  -> (artifact id: '98b804bec1e742ebefb3861a2a006d8d') in 0.039849 seconds 
  Import took 0.042250 seconds .

========================================================================
Received Import Request.
  Time since last request: 0.111472 seconds.
  path: Assets/Scenes/SampleScene.unity
  artifactKey: Guid(9fc0d4010bbf28b4594072e72b8655ab) Importer(815301076,1909f56bfc062723c751e8b465ee728b)
Start importing Assets/Scenes/SampleScene.unity using Guid(9fc0d4010bbf28b4594072e72b8655ab) Importer(815301076,1909f56bfc062723c751e8b465ee728b)  -> (artifact id: '0d856d6790688e82f735d382cdcb9964') in 0.008915 seconds 
  Import took 0.011291 seconds .

========================================================================
Received Import Request.
  Time since last request: 0.024710 seconds.
  path: Assets/Script/EnemyController.cs
  artifactKey: Guid(8181eea5a7821024b9e3eaff9dfc0d8e) Importer(815301076,1909f56bfc062723c751e8b465ee728b)
Start importing Assets/Script/EnemyController.cs using Guid(8181eea5a7821024b9e3eaff9dfc0d8e) Importer(815301076,1909f56bfc062723c751e8b465ee728b)  -> (artifact id: '567dd8924680733964b604a87fb787ac') in 0.103393 seconds 
  Import took 0.105819 seconds .

========================================================================
Received Import Request.
  Time since last request: 0.061182 seconds.
  path: Assets/Script/BulletController.cs
  artifactKey: Guid(5eaa3814957d82c429b76580926f46c9) Importer(815301076,1909f56bfc062723c751e8b465ee728b)
Start importing Assets/Script/BulletController.cs using Guid(5eaa3814957d82c429b76580926f46c9) Importer(815301076,1909f56bfc062723c751e8b465ee728b)  -> (artifact id: '86719989244a419bcbee24f37c5aad9c') in 0.007248 seconds 
  Import took 0.009590 seconds .

========================================================================
Received Import Request.
  Time since last request: 0.100732 seconds.
  path: Assets/Script/CayonController.cs
  artifactKey: Guid(9a10db0f4c20dbb458d8ca3cb36af5d8) Importer(815301076,1909f56bfc062723c751e8b465ee728b)
Start importing Assets/Script/CayonController.cs using Guid(9a10db0f4c20dbb458d8ca3cb36af5d8) Importer(815301076,1909f56bfc062723c751e8b465ee728b)  -> (artifact id: '4ccb0107a0315bf0ad30a2a84d835e82') in 0.007086 seconds 
  Import took 0.009505 seconds .

========================================================================
Received Import Request.
  Time since last request: 0.032856 seconds.
  path: Assets/Prefabs/Espada.3dsbak
  artifactKey: Guid(70858f2e864d8184da8f711b349c8de7) Importer(815301076,1909f56bfc062723c751e8b465ee728b)
Start importing Assets/Prefabs/Espada.3dsbak using Guid(70858f2e864d8184da8f711b349c8de7) Importer(815301076,1909f56bfc062723c751e8b465ee728b)  -> (artifact id: 'c95ded0446dd42296f2ba39d7b595c78') in 0.007558 seconds 
  Import took 0.009964 seconds .

========================================================================
Received Import Request.
  Time since last request: 0.053465 seconds.
  path: Assets/Script/SwordController.cs
  artifactKey: Guid(23512c95d6aa2574c9ca7145dcb64c81) Importer(815301076,1909f56bfc062723c751e8b465ee728b)
Start importing Assets/Script/SwordController.cs using Guid(23512c95d6aa2574c9ca7145dcb64c81) Importer(815301076,1909f56bfc062723c751e8b465ee728b)  -> (artifact id: 'c36c78b55929c1b0369d9939b47db371') in 0.007067 seconds 
  Import took 0.009418 seconds .

========================================================================
Received Import Request.
  Time since last request: 0.141874 seconds.
  path: Assets/Script/PlayerController.cs
  artifactKey: Guid(97c573b4423d14e4d8992984be6f8cca) Importer(815301076,1909f56bfc062723c751e8b465ee728b)
Start importing Assets/Script/PlayerController.cs using Guid(97c573b4423d14e4d8992984be6f8cca) Importer(815301076,1909f56bfc062723c751e8b465ee728b)  -> (artifact id: 'a3a5dfacfdf7dab987d4029d45b752fd') in 0.007028 seconds 
  Import took 0.009425 seconds .

AssetImportWorkerClient::OnTransportError - code=2 error=End of file
